<?xml version="1.0" encoding="UTF-8"?>
<testng-results skipped="0" failed="0" ignored="1" total="3" passed="2">
  <reporter-output>
  </reporter-output>
  <suite name="Default suite" duration-ms="31" started-at="2017-08-05T07:54:09Z" finished-at="2017-08-05T07:54:09Z">
    <groups>
    </groups>
    <test name="Default test" duration-ms="31" started-at="2017-08-05T07:54:09Z" finished-at="2017-08-05T07:54:09Z">
      <class name="test.DisableTestClass">
        <test-method status="PASS" signature="testMethodOne()[pri:0, instance:test.DisableTestClass@2d1e165f]" name="testMethodOne" duration-ms="9" started-at="2017-08-05T15:54:09Z" finished-at="2017-08-05T15:54:09Z">
          <reporter-output>
          </reporter-output>
        </test-method> <!-- testMethodOne -->
        <test-method status="PASS" signature="testMethodThree()[pri:0, instance:test.DisableTestClass@2d1e165f]" name="testMethodThree" duration-ms="2" started-at="2017-08-05T15:54:09Z" finished-at="2017-08-05T15:54:09Z">
          <reporter-output>
          </reporter-output>
        </test-method> <!-- testMethodThree -->
      </class> <!-- test.DisableTestClass -->
    </test> <!-- Default test -->
  </suite> <!-- Default suite -->
</testng-results>
