<?xml version="1.0" encoding="UTF-8"?>
<!-- Generated by org.testng.reporters.JUnitXMLReporter -->
<testsuite hostname="DESKTOP-FPTOSRP" ignored="2" name="Regular Exp Test" tests="4" failures="0" timestamp="05 八月 2017 07:45:05 GMT" time="0.04" errors="0">
  <testcase name="excludeTestFirst" time="0.009" classname="test.regularexppackage.RegularExpClass"/>
  <testcase name="excludeTestSecond" time="0.002" classname="test.regularexppackage.RegularExpClass"/>
  <testcase name="includeTestFirst" time="0.002" classname="test.regularexppackage.RegularExpClass"/>
  <testcase name="includeTestSecond" time="0.002" classname="test.regularexppackage.RegularExpClass"/>
  <testcase name="includeMethod" time="0.0" classname="test.regularexppackage.RegularExpClass">
    <ignored/>
  </testcase> <!-- includeMethod -->
  <testcase name="excludeMethod" time="0.0" classname="test.regularexppackage.RegularExpClass">
    <ignored/>
  </testcase> <!-- excludeMethod -->
</testsuite> <!-- Regular Exp Test -->
