<?xml version="1.0" encoding="UTF-8"?>
<testng-results skipped="0" failed="0" ignored="2" total="6" passed="4">
  <reporter-output>
  </reporter-output>
  <suite name="Regular Exp Suite" duration-ms="40" started-at="2017-08-05T07:45:05Z" finished-at="2017-08-05T07:45:05Z">
    <groups>
    </groups>
    <test name="Regular Exp Test" duration-ms="40" started-at="2017-08-05T07:45:05Z" finished-at="2017-08-05T07:45:05Z">
      <class name="test.regularexppackage.RegularExpClass">
        <test-method status="PASS" signature="excludeTestFirst()[pri:0, instance:test.regularexppackage.RegularExpClass@7cc2ccfb]" name="excludeTestFirst" duration-ms="9" started-at="2017-08-05T15:45:05Z" finished-at="2017-08-05T15:45:05Z">
          <reporter-output>
          </reporter-output>
        </test-method> <!-- excludeTestFirst -->
        <test-method status="PASS" signature="excludeTestSecond()[pri:0, instance:test.regularexppackage.RegularExpClass@7cc2ccfb]" name="excludeTestSecond" duration-ms="2" started-at="2017-08-05T15:45:05Z" finished-at="2017-08-05T15:45:05Z">
          <reporter-output>
          </reporter-output>
        </test-method> <!-- excludeTestSecond -->
        <test-method status="PASS" signature="includeTestFirst()[pri:0, instance:test.regularexppackage.RegularExpClass@7cc2ccfb]" name="includeTestFirst" duration-ms="2" started-at="2017-08-05T15:45:05Z" finished-at="2017-08-05T15:45:05Z">
          <reporter-output>
          </reporter-output>
        </test-method> <!-- includeTestFirst -->
        <test-method status="PASS" signature="includeTestSecond()[pri:0, instance:test.regularexppackage.RegularExpClass@7cc2ccfb]" name="includeTestSecond" duration-ms="2" started-at="2017-08-05T15:45:05Z" finished-at="2017-08-05T15:45:05Z">
          <reporter-output>
          </reporter-output>
        </test-method> <!-- includeTestSecond -->
      </class> <!-- test.regularexppackage.RegularExpClass -->
    </test> <!-- Regular Exp Test -->
  </suite> <!-- Regular Exp Suite -->
</testng-results>
