<?xml version="1.0" encoding="UTF-8"?>
<!-- Generated by org.testng.reporters.JUnitXMLReporter -->
<testsuite hostname="DESKTOP-FPTOSRP" ignored="1" name="Combine Test" tests="7" failures="0" timestamp="25 七月 2017 15:31:47 GMT" time="0.051" errors="0">
  <testcase name="firstTest" time="0.009" classname="test.secondpackage.FirstTestClass"/>
  <testcase name="secondTest" time="0.002" classname="test.secondpackage.FirstTestClass"/>
  <testcase name="firstTest" time="0.005" classname="test.firstpackage.FirstTestClass"/>
  <testcase name="secondTest" time="0.002" classname="test.firstpackage.FirstTestClass"/>
  <testcase name="firstTest" time="0.001" classname="test.thirdpackage.FirstTestClass"/>
  <testcase name="firstTest" time="0.002" classname="test.firstpackage.SecondTestClass"/>
  <testcase name="secondTest" time="0.001" classname="test.firstpackage.SecondTestClass"/>
  <testcase name="secondTest" time="0.0" classname="test.thirdpackage.FirstTestClass">
    <ignored/>
  </testcase> <!-- secondTest -->
</testsuite> <!-- Combine Test -->
