<?xml version="1.0" encoding="UTF-8"?>
<!-- Generated by org.testng.reporters.JUnitXMLReporter -->
<testsuite hostname="DESKTOP-FPTOSRP" ignored="1" name="Exclude Method Test" tests="1" failures="0" timestamp="27 七月 2017 15:26:42 GMT" time="0.024" errors="0">
  <testcase name="secondTest" time="0.008" classname="test.firstpackage.FirstTestClass"/>
  <testcase name="firstTest" time="0.0" classname="test.firstpackage.FirstTestClass">
    <ignored/>
  </testcase> <!-- firstTest -->
</testsuite> <!-- Exclude Method Test -->
