<?xml version="1.0" encoding="UTF-8"?>
<!-- Generated by org.testng.reporters.JUnitXMLReporter -->
<testsuite hostname="DESKTOP-FPTOSRP" ignored="1" name="Method Test" tests="1" failures="0" timestamp="25 七月 2017 15:27:30 GMT" time="0.026" errors="0">
  <testcase name="firstTest" time="0.009" classname="test.firstpackage.FirstTestClass"/>
  <testcase name="secondTest" time="0.0" classname="test.firstpackage.FirstTestClass">
    <ignored/>
  </testcase> <!-- secondTest -->
</testsuite> <!-- Method Test -->
