<?xml version="1.0" encoding="UTF-8"?>
<!-- Generated by org.testng.reporters.JUnitXMLReporter -->
<testsuite hostname="DESKTOP-FPTOSRP" ignored="0" name="Test" tests="6" failures="0" timestamp="23 七月 2017 03:52:58 GMT" time="0.047" errors="0">
  <testcase name="firstTest" time="0.0" classname="test.firstpackage.FirstTestClass"/>
  <testcase name="secondTest" time="0.0" classname="test.firstpackage.FirstTestClass"/>
  <testcase name="firstTest" time="0.0" classname="test.secondpackage.FirstTestClass"/>
  <testcase name="secondTest" time="0.0" classname="test.secondpackage.FirstTestClass"/>
  <testcase name="firstTest" time="0.0" classname="test.thirdpackage.FirstTestClass"/>
  <testcase name="secondTest" time="0.0" classname="test.thirdpackage.FirstTestClass"/>
</testsuite> <!-- Test -->
