<?xml version="1.0" encoding="UTF-8"?>
<!-- Generated by org.testng.reporters.JUnitXMLReporter -->
<testsuite hostname="DESKTOP-FPTOSRP" ignored="3" name="Regular Exp Exclude Test" tests="3" failures="0" timestamp="30 七月 2017 03:18:52 GMT" time="0.036" errors="0">
  <testcase name="includeMethod" time="0.009" classname="test.regularexppackage.RegularExpClass"/>
  <testcase name="includeTestFirst" time="0.002" classname="test.regularexppackage.RegularExpClass"/>
  <testcase name="includeTestSecond" time="0.004" classname="test.regularexppackage.RegularExpClass"/>
  <testcase name="excludeTestSecond" time="0.0" classname="test.regularexppackage.RegularExpClass">
    <ignored/>
  </testcase> <!-- excludeTestSecond -->
  <testcase name="excludeTestFirst" time="0.0" classname="test.regularexppackage.RegularExpClass">
    <ignored/>
  </testcase> <!-- excludeTestFirst -->
  <testcase name="excludeMethod" time="0.0" classname="test.regularexppackage.RegularExpClass">
    <ignored/>
  </testcase> <!-- excludeMethod -->
</testsuite> <!-- Regular Exp Exclude Test -->
