<?xml version="1.0" encoding="UTF-8"?>
<!-- Generated by org.testng.reporters.JUnitXMLReporter -->
<testsuite hostname="DESKTOP-FPTOSRP" ignored="1" name="Default test" tests="2" failures="0" timestamp="05 八月 2017 07:54:09 GMT" time="0.031" errors="0">
  <testcase name="testMethodOne" time="0.009" classname="test.DisableTestClass"/>
  <testcase name="testMethodThree" time="0.002" classname="test.DisableTestClass"/>
  <testcase name="testMethodTwo" time="0.0" classname="test.DisableTestClass">
    <ignored/>
  </testcase> <!-- testMethodTwo -->
</testsuite> <!-- Default test -->
