<?xml version="1.0" encoding="UTF-8"?>
<!-- Generated by org.testng.reporters.JUnitXMLReporter -->
<testsuite hostname="DESKTOP-FPTOSRP" ignored="0" name="Include All SubPackages Test" tests="12" failures="0" timestamp="30 七月 2017 03:27:36 GMT" time="0.072" errors="0">
  <testcase name="firstTest" time="0.008" classname="test.firstpackage.FirstTestClass"/>
  <testcase name="secondTest" time="0.005" classname="test.firstpackage.FirstTestClass"/>
  <testcase name="firstTest" time="0.002" classname="test.firstpackage.SecondTestClass"/>
  <testcase name="secondTest" time="0.001" classname="test.firstpackage.SecondTestClass"/>
  <testcase name="firstTest" time="0.001" classname="test.secondpackage.FirstTestClass"/>
  <testcase name="secondTest" time="0.001" classname="test.secondpackage.FirstTestClass"/>
  <testcase name="firstTest" time="0.001" classname="test.secondpackage.SecondTestClass"/>
  <testcase name="secondTest" time="0.002" classname="test.secondpackage.SecondTestClass"/>
  <testcase name="firstTest" time="0.001" classname="test.thirdpackage.FirstTestClass"/>
  <testcase name="secondTest" time="0.001" classname="test.thirdpackage.FirstTestClass"/>
  <testcase name="firstTest" time="0.002" classname="test.thirdpackage.SecondTestClass"/>
  <testcase name="secondTest" time="0.002" classname="test.thirdpackage.SecondTestClass"/>
</testsuite> <!-- Include All SubPackages Test -->
