<?xml version="1.0" encoding="UTF-8"?>
<testng-results skipped="0" failed="0" ignored="0" total="1" passed="1">
  <reporter-output>
  </reporter-output>
  <suite name="Inheritance Suite" duration-ms="28" started-at="2017-08-03T15:30:02Z" finished-at="2017-08-03T15:30:02Z">
    <groups>
    </groups>
    <test name="Inheritance Test" duration-ms="28" started-at="2017-08-03T15:30:02Z" finished-at="2017-08-03T15:30:02Z">
      <class name="test.beforeafter.TestClass">
        <test-method status="PASS" signature="beforeBaseClass()[pri:0, instance:test.beforeafter.TestClass@11cdf8a]" name="beforeBaseClass" is-config="true" duration-ms="7" started-at="2017-08-03T23:30:02Z" finished-at="2017-08-03T23:30:02Z">
          <reporter-output>
          </reporter-output>
        </test-method> <!-- beforeBaseClass -->
        <test-method status="PASS" signature="beforeChildClass()[pri:0, instance:test.beforeafter.TestClass@11cdf8a]" name="beforeChildClass" is-config="true" duration-ms="0" started-at="2017-08-03T23:30:02Z" finished-at="2017-08-03T23:30:02Z">
          <reporter-output>
          </reporter-output>
        </test-method> <!-- beforeChildClass -->
        <test-method status="PASS" signature="testMethod()[pri:0, instance:test.beforeafter.TestClass@11cdf8a]" name="testMethod" duration-ms="4" started-at="2017-08-03T23:30:02Z" finished-at="2017-08-03T23:30:02Z">
          <reporter-output>
          </reporter-output>
        </test-method> <!-- testMethod -->
        <test-method status="PASS" signature="beforeBaseMethod()[pri:0, instance:test.beforeafter.TestClass@11cdf8a]" name="beforeBaseMethod" is-config="true" duration-ms="0" started-at="2017-08-03T23:30:02Z" finished-at="2017-08-03T23:30:02Z">
          <reporter-output>
          </reporter-output>
        </test-method> <!-- beforeBaseMethod -->
        <test-method status="PASS" signature="beforeChildMethod()[pri:0, instance:test.beforeafter.TestClass@11cdf8a]" name="beforeChildMethod" is-config="true" duration-ms="0" started-at="2017-08-03T23:30:02Z" finished-at="2017-08-03T23:30:02Z">
          <reporter-output>
          </reporter-output>
        </test-method> <!-- beforeChildMethod -->
        <test-method status="PASS" signature="afterChildMethod()[pri:0, instance:test.beforeafter.TestClass@11cdf8a]" name="afterChildMethod" is-config="true" duration-ms="0" started-at="2017-08-03T23:30:02Z" finished-at="2017-08-03T23:30:02Z">
          <reporter-output>
          </reporter-output>
        </test-method> <!-- afterChildMethod -->
        <test-method status="PASS" signature="afterBaseMethod()[pri:0, instance:test.beforeafter.TestClass@11cdf8a]" name="afterBaseMethod" is-config="true" duration-ms="1" started-at="2017-08-03T23:30:02Z" finished-at="2017-08-03T23:30:02Z">
          <reporter-output>
          </reporter-output>
        </test-method> <!-- afterBaseMethod -->
        <test-method status="PASS" signature="afterBaseClass()[pri:0, instance:test.beforeafter.TestClass@11cdf8a]" name="afterBaseClass" is-config="true" duration-ms="1" started-at="2017-08-03T23:30:02Z" finished-at="2017-08-03T23:30:02Z">
          <reporter-output>
          </reporter-output>
        </test-method> <!-- afterBaseClass -->
        <test-method status="PASS" signature="afterChildClass()[pri:0, instance:test.beforeafter.TestClass@11cdf8a]" name="afterChildClass" is-config="true" duration-ms="0" started-at="2017-08-03T23:30:02Z" finished-at="2017-08-03T23:30:02Z">
          <reporter-output>
          </reporter-output>
        </test-method> <!-- afterChildClass -->
      </class> <!-- test.beforeafter.TestClass -->
    </test> <!-- Inheritance Test -->
  </suite> <!-- Inheritance Suite -->
</testng-results>
