<?xml version="1.0" encoding="UTF-8"?>
<!-- Generated by org.testng.reporters.JUnitXMLReporter -->
<testsuite hostname="DESKTOP-FPTOSRP" ignored="1" name="First Test" tests="1" failures="0" timestamp="03 八月 2017 15:29:11 GMT" time="0.021" errors="0">
  <testcase name="testOneMethod" time="0.004" classname="test.beforeafter.TestClass"/>
  <testcase name="testTwoMethod" time="0.0" classname="test.beforeafter.TestClass">
    <ignored/>
  </testcase> <!-- testTwoMethod -->
</testsuite> <!-- First Test -->
