<?xml version="1.0" encoding="UTF-8"?>
<!-- Generated by org.testng.reporters.JUnitXMLReporter -->
<testsuite hostname="DESKTOP-FPTOSRP" ignored="0" name="Package Test" tests="8" failures="0" timestamp="23 七月 2017 04:00:00 GMT" time="0.062" errors="0">
  <testcase name="firstTest" time="0.016" classname="test.firstpackage.FirstTestClass"/>
  <testcase name="secondTest" time="0.0" classname="test.firstpackage.FirstTestClass"/>
  <testcase name="firstTest" time="0.0" classname="test.secondpackage.FirstTestClass"/>
  <testcase name="secondTest" time="0.0" classname="test.secondpackage.FirstTestClass"/>
  <testcase name="firstTest" time="0.0" classname="test.firstpackage.SecondTestClass"/>
  <testcase name="secondTest" time="0.0" classname="test.firstpackage.SecondTestClass"/>
  <testcase name="firstTest" time="0.0" classname="test.secondpackage.SecondTestClass"/>
  <testcase name="secondTest" time="0.0" classname="test.secondpackage.SecondTestClass"/>
</testsuite> <!-- Package Test -->
