<?xml version="1.0" encoding="UTF-8"?>
<!-- Generated by org.testng.reporters.JUnitXMLReporter -->
<testsuite hostname="DESKTOP-FPTOSRP" ignored="0" name="Exclude Package Test" tests="8" failures="0" timestamp="27 七月 2017 15:20:24 GMT" time="0.054" errors="0">
  <testcase name="firstTest" time="0.01" classname="test.firstpackage.FirstTestClass"/>
  <testcase name="secondTest" time="0.002" classname="test.firstpackage.FirstTestClass"/>
  <testcase name="firstTest" time="0.002" classname="test.firstpackage.SecondTestClass"/>
  <testcase name="secondTest" time="0.002" classname="test.firstpackage.SecondTestClass"/>
  <testcase name="firstTest" time="0.002" classname="test.thirdpackage.FirstTestClass"/>
  <testcase name="secondTest" time="0.001" classname="test.thirdpackage.FirstTestClass"/>
  <testcase name="firstTest" time="0.001" classname="test.thirdpackage.SecondTestClass"/>
  <testcase name="secondTest" time="0.002" classname="test.thirdpackage.SecondTestClass"/>
</testsuite> <!-- Exclude Package Test -->
